Target Part: A2F200M3F_FBGA484_-1
Report for cell controller.verilog
  Core Cell usage:
              cell count     area count*area
              AND2    27      1.0       27.0
             AND2A     2      1.0        2.0
              AND3    88      1.0       88.0
               AO1    21      1.0       21.0
              AO16     1      1.0        1.0
              AO1A     7      1.0        7.0
              AO1B     2      1.0        2.0
              AO1C    21      1.0       21.0
              AO1D     1      1.0        1.0
              AOI1     9      1.0        9.0
             AOI1A     6      1.0        6.0
             AOI1B    19      1.0       19.0
              AX1A     3      1.0        3.0
              AX1E     1      1.0        1.0
             AXOI4     1      1.0        1.0
             AXOI5     1      1.0        1.0
              BUFF     1      1.0        1.0
            CLKINT     2      0.0        0.0
               GND    10      0.0        0.0
               INV     2      1.0        2.0
            MSSINT     2      0.0        0.0
           MSS_APB     1      0.0        0.0
           MSS_CCC     1      0.0        0.0
               MX2     1      1.0        1.0
              MX2C     1      1.0        1.0
              NOR2    25      1.0       25.0
             NOR2A    77      1.0       77.0
             NOR2B    41      1.0       41.0
              NOR3    23      1.0       23.0
             NOR3A    36      1.0       36.0
             NOR3B    82      1.0       82.0
             NOR3C    66      1.0       66.0
               OA1    10      1.0       10.0
              OA1A    18      1.0       18.0
              OA1B     1      1.0        1.0
              OA1C     6      1.0        6.0
              OAI1     6      1.0        6.0
               OR2    25      1.0       25.0
              OR2A    48      1.0       48.0
              OR2B    11      1.0       11.0
               OR3    16      1.0       16.0
              OR3A     1      1.0        1.0
              OR3B     2      1.0        2.0
              OR3C     3      1.0        3.0
             RCOSC     1      0.0        0.0
               VCC    10      0.0        0.0
              XA1B     1      1.0        1.0
              XA1C     2      1.0        2.0
             XNOR2    40      1.0       40.0
              XOR2    59      1.0       59.0


              DFN1    62      1.0       62.0
            DFN1E0    45      1.0       45.0
            DFN1E1   120      1.0      120.0
                   -----          ----------
             TOTAL  1068              1041.0


  IO Cell usage:
              cell count
             BIBUF     1
   BIBUF_OPEND_MSS     2
             INBUF     2
         INBUF_MSS     2
            OUTBUF     4
        OUTBUF_MSS     2
                   -----
             TOTAL    13


Core Cells         : 1041 of 4608 (23%)
IO Cells           : 13

  RAM/ROM Usage Summary
Block Rams : 0 of 8 (0%)

